[    0.000000] Initializing cgroup subsys cpuset
[    0.000000] Initializing cgroup subsys cpu
[    0.000000] Initializing cgroup subsys cpuacct
[    0.000000] Linux version 4.4.0-135-generic (buildd@lcy01-amd64-020) (gcc version 5.4.0 20160609 (Ubuntu 5.4.0-6ubuntu1~16.04.10) ) #161-Ubuntu SMP Mon Aug 27 10:45:01 UTC 2018 (Ubuntu 4.4.0-135.161-generic 4.4.140)
[    0.000000] Command line: BOOT_IMAGE=/boot/vmlinuz-4.4.0-135-generic root=LABEL=cloudimg-rootfs ro console=tty1 console=ttyS0
[    0.000000] KERNEL supported cpus:
[    0.000000]   Intel GenuineIntel
[    0.000000]   AMD AuthenticAMD
[    0.000000]   Centaur CentaurHauls
[    0.000000] x86/fpu: xstate_offset[2]:  576, xstate_sizes[2]:  256
[    0.000000] x86/fpu: Supporting XSAVE feature 0x01: 'x87 floating point registers'
[    0.000000] x86/fpu: Supporting XSAVE feature 0x02: 'SSE registers'
[    0.000000] x86/fpu: Supporting XSAVE feature 0x04: 'AVX registers'
[    0.000000] x86/fpu: Enabled xstate features 0x7, context size is 832 bytes, using 'standard' format.
[    0.000000] e820: BIOS-provided physical RAM map:
[    0.000000] BIOS-e820: [mem 0x0000000000000000-0x000000000009fbff] usable
[    0.000000] BIOS-e820: [mem 0x000000000009fc00-0x000000000009ffff] reserved
[    0.000000] BIOS-e820: [mem 0x00000000000f0000-0x00000000000fffff] reserved
[    0.000000] BIOS-e820: [mem 0x0000000000100000-0x000000003ffeffff] usable
[    0.000000] BIOS-e820: [mem 0x000000003fff0000-0x000000003fffffff] ACPI data
[    0.000000] BIOS-e820: [mem 0x00000000fec00000-0x00000000fec00fff] reserved
[    0.000000] BIOS-e820: [mem 0x00000000fee00000-0x00000000fee00fff] reserved
[    0.000000] BIOS-e820: [mem 0x00000000fffc0000-0x00000000ffffffff] reserved
[    0.000000] NX (Execute Disable) protection: active
[    0.000000] SMBIOS 2.5 present.
[    0.000000] Hypervisor detected: KVM
[    0.000000] e820: last_pfn = 0x3fff0 max_arch_pfn = 0x400000000
[    0.000000] MTRR: Disabled
[    0.000000] x86/PAT: MTRRs disabled, skipping PAT initialization too.
[    0.000000] CPU MTRRs all blank - virtualized system.
[    0.000000] x86/PAT: Configuration [0-7]: WB  WT  UC- UC  WB  WT  UC- UC  
[    0.000000] found SMP MP-table at [mem 0x0009fff0-0x0009ffff] mapped at [ffff88000009fff0]
[    0.000000] Scanning 1 areas for low memory corruption
[    0.000000] RAMDISK: [mem 0x3630a000-0x3717cfff]
[    0.000000] ACPI: Early table checksum verification disabled
[    0.000000] ACPI: RSDP 0x00000000000E0000 000024 (v02 VBOX  )
[    0.000000] ACPI: XSDT 0x000000003FFF0030 00003C (v01 VBOX   VBOXXSDT 00000001 ASL  00000061)
[    0.000000] ACPI: FACP 0x000000003FFF00F0 0000F4 (v04 VBOX   VBOXFACP 00000001 ASL  00000061)
[    0.000000] ACPI: DSDT 0x000000003FFF0470 0021FF (v02 VBOX   VBOXBIOS 00000002 INTL 20100528)
[    0.000000] ACPI: FACS 0x000000003FFF0200 000040
[    0.000000] ACPI: FACS 0x000000003FFF0200 000040
[    0.000000] ACPI: APIC 0x000000003FFF0240 000054 (v02 VBOX   VBOXAPIC 00000001 ASL  00000061)
[    0.000000] ACPI: SSDT 0x000000003FFF02A0 0001CC (v01 VBOX   VBOXCPUT 00000002 INTL 20100528)
[    0.000000] No NUMA configuration found
[    0.000000] Faking a node at [mem 0x0000000000000000-0x000000003ffeffff]
[    0.000000] NODE_DATA(0) allocated [mem 0x3ffeb000-0x3ffeffff]
[    0.000000] kvm-clock: Using msrs 4b564d01 and 4b564d00
[    0.000000] kvm-clock: cpu 0, msr 0:3ffe3001, primary cpu clock
[    0.000000] kvm-clock: using sched offset of 3696111004 cycles
[    0.000000] clocksource: kvm-clock: mask: 0xffffffffffffffff max_cycles: 0x1cd42e4dffb, max_idle_ns: 881590591483 ns
[    0.000000] Zone ranges:
[    0.000000]   DMA      [mem 0x0000000000001000-0x0000000000ffffff]
[    0.000000]   DMA32    [mem 0x0000000001000000-0x000000003ffeffff]
[    0.000000]   Normal   empty
[    0.000000]   Device   empty
[    0.000000] Movable zone start for each node
[    0.000000] Early memory node ranges
[    0.000000]   node   0: [mem 0x0000000000001000-0x000000000009efff]
[    0.000000]   node   0: [mem 0x0000000000100000-0x000000003ffeffff]
[    0.000000] Initmem setup node 0 [mem 0x0000000000001000-0x000000003ffeffff]
[    0.000000] ACPI: PM-Timer IO Port: 0x4008
[    0.000000] IOAPIC[0]: apic_id 1, version 32, address 0xfec00000, GSI 0-23
[    0.000000] ACPI: INT_SRC_OVR (bus 0 bus_irq 0 global_irq 2 dfl dfl)
[    0.000000] ACPI: INT_SRC_OVR (bus 0 bus_irq 9 global_irq 9 low level)
[    0.000000] Using ACPI (MADT) for SMP configuration information
[    0.000000] smpboot: Allowing 1 CPUs, 0 hotplug CPUs
[    0.000000] PM: Registered nosave memory: [mem 0x00000000-0x00000fff]
[    0.000000] PM: Registered nosave memory: [mem 0x0009f000-0x0009ffff]
[    0.000000] PM: Registered nosave memory: [mem 0x000a0000-0x000effff]
[    0.000000] PM: Registered nosave memory: [mem 0x000f0000-0x000fffff]
[    0.000000] e820: [mem 0x40000000-0xfebfffff] available for PCI devices
[    0.000000] Booting paravirtualized kernel on KVM
[    0.000000] clocksource: refined-jiffies: mask: 0xffffffff max_cycles: 0xffffffff, max_idle_ns: 7645519600211568 ns
[    0.000000] setup_percpu: NR_CPUS:512 nr_cpumask_bits:512 nr_cpu_ids:1 nr_node_ids:1
[    0.000000] PERCPU: Embedded 34 pages/cpu @ffff88003fc00000 s99544 r8192 d31528 u2097152
[    0.000000] PV qspinlock hash table entries: 256 (order: 0, 4096 bytes)
[    0.000000] Built 1 zonelists in Node order, mobility grouping on.  Total pages: 257912
[    0.000000] Policy zone: DMA32
[    0.000000] Kernel command line: BOOT_IMAGE=/boot/vmlinuz-4.4.0-135-generic root=LABEL=cloudimg-rootfs ro console=tty1 console=ttyS0
[    0.000000] PID hash table entries: 4096 (order: 3, 32768 bytes)
[    0.000000] Memory: 997856K/1048120K available (8554K kernel code, 1314K rwdata, 4004K rodata, 1516K init, 1316K bss, 50264K reserved, 0K cma-reserved)
[    0.000000] SLUB: HWalign=64, Order=0-3, MinObjects=0, CPUs=1, Nodes=1
[    0.000000] Kernel/User page tables isolation: enabled
[    0.000000] Hierarchical RCU implementation.
[    0.000000] 	Build-time adjustment of leaf fanout to 64.
[    0.000000] 	RCU restricting CPUs from NR_CPUS=512 to nr_cpu_ids=1.
[    0.000000] RCU: Adjusting geometry for rcu_fanout_leaf=64, nr_cpu_ids=1
[    0.000000] NR_IRQS:33024 nr_irqs:256 16
[    0.000000] Console: colour VGA+ 80x25
[    0.000000] console [tty1] enabled
[    0.000000] console [ttyS0] enabled
[    0.000000] tsc: Detected 3695.996 MHz processor
[    0.189607] Calibrating delay loop (skipped) preset value.. 7391.99 BogoMIPS (lpj=14783984)
[    0.191999] pid_max: default: 32768 minimum: 301
[    0.193312] ACPI: Core revision 20150930
[    0.196499] ACPI: 2 ACPI AML tables successfully acquired and loaded
[    0.198315] Security Framework initialized
[    0.199574] Yama: becoming mindful.
[    0.200624] AppArmor: AppArmor initialized
[    0.201887] Dentry cache hash table entries: 131072 (order: 8, 1048576 bytes)
[    0.205129] Inode-cache hash table entries: 65536 (order: 7, 524288 bytes)
[    0.211733] Mount-cache hash table entries: 2048 (order: 2, 16384 bytes)
[    0.213521] Mountpoint-cache hash table entries: 2048 (order: 2, 16384 bytes)
[    0.215511] Initializing cgroup subsys io
[    0.216699] Initializing cgroup subsys memory
[    0.217929] Initializing cgroup subsys devices
[    0.219168] Initializing cgroup subsys freezer
[    0.220403] Initializing cgroup subsys net_cls
[    0.221759] Initializing cgroup subsys perf_event
[    0.223077] Initializing cgroup subsys net_prio
[    0.224351] Initializing cgroup subsys hugetlb
[    0.225627] Initializing cgroup subsys pids
[    0.227740] mce: CPU supports 0 MCE banks
[    0.228916] process: using mwait in idle threads
[    0.230198] Last level iTLB entries: 4KB 128, 2MB 8, 4MB 8
[    0.231764] Last level dTLB entries: 4KB 64, 2MB 0, 4MB 0, 1GB 4
[    0.233394] Spectre V2 : Mitigation: Full generic retpoline
[    0.234928] Spectre V2 : Speculation control IBPB not-supported IBRS not-supported
[    0.236846] Spectre V2 : Filling RSB on context switch
[    0.238611] Speculative Store Bypass: Vulnerable
[    0.257615] Freeing SMP alternatives memory: 32K
[    0.266561] ftrace: allocating 32266 entries in 127 pages
[    0.328469] smpboot: APIC(0) Converting physical 0 to logical package 0
[    0.330335] smpboot: Max logical packages: 1
[    0.331827] x2apic enabled
[    0.333065] Switched APIC routing to physical x2apic.
[    0.335751] ..TIMER: vector=0x30 apic1=0 pin1=2 apic2=-1 pin2=-1
[    0.444661] smpboot: CPU0: Intel(R) Core(TM) i3-6100 CPU @ 3.70GHz (family: 0x6, model: 0x5e, stepping: 0x3)
[    0.447609] Performance Events: unsupported p6 CPU model 94 no PMU driver, software events only.
[    0.450176] KVM setup paravirtual spinlock
[    0.451862] x86: Booted up 1 node, 1 CPUs
[    0.453050] smpboot: Total of 1 processors activated (7391.99 BogoMIPS)
[    0.455013] devtmpfs: initialized
[    0.457453] evm: security.selinux
[    0.458452] evm: security.SMACK64
[    0.459439] evm: security.SMACK64EXEC
[    0.460505] evm: security.SMACK64TRANSMUTE
[    0.461702] evm: security.SMACK64MMAP
[    0.462773] evm: security.ima
[    0.463682] evm: security.capability
[    0.464820] clocksource: jiffies: mask: 0xffffffff max_cycles: 0xffffffff, max_idle_ns: 7645041785100000 ns
[    0.467490] futex hash table entries: 256 (order: 2, 16384 bytes)
[    0.469297] pinctrl core: initialized pinctrl subsystem
[    0.470809] RTC time: 15:47:18, date: 09/26/18
[    0.472180] NET: Registered protocol family 16
[    0.473601] cpuidle: using governor ladder
[    0.474777] cpuidle: using governor menu
[    0.475907] PCCT header not found.
[    0.476978] ACPI: bus type PCI registered
[    0.478156] acpiphp: ACPI Hot Plug PCI Controller Driver version: 0.5
[    0.480052] PCI: Using configuration type 1 for base access
[    0.482717] ACPI: Added _OSI(Module Device)
[    0.483915] ACPI: Added _OSI(Processor Device)
[    0.485238] ACPI: Added _OSI(3.0 _SCP Extensions)
[    0.486613] ACPI: Added _OSI(Processor Aggregator Device)
[    0.488771] ACPI: Executed 1 blocks of module-level executable AML code
[    0.492930] ACPI: Interpreter enabled
[    0.494012] ACPI: (supports S0 S5)
[    0.495032] ACPI: Using IOAPIC for interrupt routing
[    0.496567] PCI: Using host bridge windows from ACPI; if necessary, use "pci=nocrs" and report a bug
[    0.503418] ACPI: PCI Root Bridge [PCI0] (domain 0000 [bus 00-ff])
[    0.505108] acpi PNP0A03:00: _OSC: OS supports [ASPM ClockPM Segments MSI]
[    0.506927] acpi PNP0A03:00: _OSC: not requesting OS control; OS requires [ExtendedConfig ASPM ClockPM MSI]
[    0.509568] acpi PNP0A03:00: fail to add MMCONFIG information, can't access extended PCI configuration space under this bridge.
[    0.512956] PCI host bridge to bus 0000:00
[    0.514131] pci_bus 0000:00: root bus resource [io  0x0000-0x0cf7 window]
[    0.515914] pci_bus 0000:00: root bus resource [io  0x0d00-0xffff window]
[    0.517810] pci_bus 0000:00: root bus resource [mem 0x000a0000-0x000bffff window]
[    0.519951] pci_bus 0000:00: root bus resource [mem 0x40000000-0xfdffffff window]
[    0.522154] pci_bus 0000:00: root bus resource [bus 00-ff]
[    0.525485] pci 0000:00:01.1: legacy IDE quirk: reg 0x10: [io  0x01f0-0x01f7]
[    0.527368] pci 0000:00:01.1: legacy IDE quirk: reg 0x14: [io  0x03f6]
[    0.529121] pci 0000:00:01.1: legacy IDE quirk: reg 0x18: [io  0x0170-0x0177]
[    0.530986] pci 0000:00:01.1: legacy IDE quirk: reg 0x1c: [io  0x0376]
[    0.548974] pci 0000:00:07.0: quirk: [io  0x4000-0x403f] claimed by PIIX4 ACPI
[    0.559685] pci 0000:00:07.0: quirk: [io  0x4100-0x410f] claimed by PIIX4 SMB
[    0.571991] ACPI: PCI Interrupt Link [LNKA] (IRQs 5 9 10 *11)
[    0.574310] ACPI: PCI Interrupt Link [LNKB] (IRQs 5 9 *10 11)
[    0.576460] ACPI: PCI Interrupt Link [LNKC] (IRQs 5 *9 10 11)
[    0.578488] ACPI: PCI Interrupt Link [LNKD] (IRQs 5 9 10 *11)
[    0.580521] ACPI: Enabled 2 GPEs in block 00 to 07
[    0.582106] vgaarb: setting as boot device: PCI:0000:00:02.0
[    0.583655] vgaarb: device added: PCI:0000:00:02.0,decodes=io+mem,owns=io+mem,locks=none
[    0.585928] vgaarb: loaded
[    0.586858] vgaarb: bridge control possible 0000:00:02.0
[    0.588514] SCSI subsystem initialized
[    0.589783] ACPI: bus type USB registered
[    0.590951] usbcore: registered new interface driver usbfs
[    0.592453] usbcore: registered new interface driver hub
[    0.593917] usbcore: registered new device driver usb
[    0.595419] PCI: Using ACPI for IRQ routing
[    0.598162] NetLabel: Initializing
[    0.599199] NetLabel:  domain hash size = 128
[    0.600422] NetLabel:  protocols = UNLABELED CIPSOv4
[    0.601834] NetLabel:  unlabeled traffic allowed by default
[    0.603415] amd_nb: Cannot enumerate AMD northbridges
[    0.604813] clocksource: Switched to clocksource kvm-clock
[    0.614798] AppArmor: AppArmor Filesystem Enabled
[    0.616234] pnp: PnP ACPI init
[    0.618046] pnp: PnP ACPI: found 3 devices
[    0.627770] clocksource: acpi_pm: mask: 0xffffff max_cycles: 0xffffff, max_idle_ns: 2085701024 ns
[    0.630440] NET: Registered protocol family 2
[    0.631793] TCP established hash table entries: 8192 (order: 4, 65536 bytes)
[    0.633673] TCP bind hash table entries: 8192 (order: 5, 131072 bytes)
[    0.635416] TCP: Hash tables configured (established 8192 bind 8192)
[    0.637125] UDP hash table entries: 512 (order: 2, 16384 bytes)
[    0.638740] UDP-Lite hash table entries: 512 (order: 2, 16384 bytes)
[    0.640462] NET: Registered protocol family 1
[    0.641806] pci 0000:00:00.0: Limiting direct PCI/PCI transfers
[    0.643413] pci 0000:00:01.0: Activating ISA DMA hang workarounds
[    0.645191] Unpacking initramfs...
[    1.007339] Freeing initrd memory: 14796K
[    1.008686] platform rtc_cmos: registered platform RTC device (no PNP device found)
[    1.011116] Scanning for low memory corruption every 60 seconds
[    1.012935] audit: initializing netlink subsys (disabled)
[    1.014450] audit: type=2000 audit(1537976843.491:1): initialized
[    1.016308] Initialise system trusted keyring
[    1.017628] HugeTLB registered 2 MB page size, pre-allocated 0 pages
[    1.023483] zbud: loaded
[    1.024645] VFS: Disk quotas dquot_6.6.0
[    1.025835] VFS: Dquot-cache hash table entries: 512 (order 0, 4096 bytes)
[    1.027879] squashfs: version 4.0 (2009/01/31) Phillip Lougher
[    1.030264] fuse init (API version 7.23)
[    1.031721] Key type big_key registered
[    1.032859] Allocating IMA MOK and blacklist keyrings.
[    1.034515] Key type asymmetric registered
[    1.035998] Asymmetric key parser 'x509' registered
[    1.037405] Block layer SCSI generic (bsg) driver version 0.4 loaded (major 249)
[    1.039555] io scheduler noop registered
[    1.040689] io scheduler deadline registered (default)
[    1.042259] io scheduler cfq registered
[    1.043488] pci_hotplug: PCI Hot Plug PCI Core version: 0.5
[    1.045018] pciehp: PCI Express Hot Plug Controller Driver version: 0.4
[    1.046913] ACPI: AC Adapter [AC] (on-line)
[    1.048149] input: Power Button as /devices/LNXSYSTM:00/LNXPWRBN:00/input/input0
[    1.050294] ACPI: Power Button [PWRF]
[    1.051481] input: Sleep Button as /devices/LNXSYSTM:00/LNXSLPBN:00/input/input1
[    1.053967] ACPI: Sleep Button [SLPF]
[    1.055761] ACPI: Battery Slot [BAT0] (battery present)
[    1.057243] GHES: HEST is not enabled!
[    1.058482] Serial: 8250/16550 driver, 32 ports, IRQ sharing enabled
[    1.082251] 00:02: ttyS0 at I/O 0x3f8 (irq = 4, base_baud = 115200) is a 16550A
[    1.085565] Linux agpgart interface v0.103
[    1.087644] loop: module loaded
[    1.089086] scsi host0: ata_piix
[    1.090123] scsi host1: ata_piix
[    1.091130] ata1: PATA max UDMA/33 cmd 0x1f0 ctl 0x3f6 bmdma 0xd000 irq 14
[    1.092963] ata2: PATA max UDMA/33 cmd 0x170 ctl 0x376 bmdma 0xd008 irq 15
[    1.095450] libphy: Fixed MDIO Bus: probed
[    1.096658] tun: Universal TUN/TAP device driver, 1.6
[    1.098060] tun: (C) 1999-2004 Max Krasnyansky <maxk@qualcomm.com>
[    1.099762] PPP generic driver version 2.4.2
[    1.101173] ehci_hcd: USB 2.0 'Enhanced' Host Controller (EHCI) Driver
[    1.102909] ehci-pci: EHCI PCI platform driver
[    1.104176] ehci-platform: EHCI generic platform driver
[    1.106302] ohci_hcd: USB 1.1 'Open' Host Controller (OHCI) Driver
[    1.108204] ohci-pci: OHCI PCI platform driver
[    1.110110] ohci-platform: OHCI generic platform driver
[    1.111551] uhci_hcd: USB Universal Host Controller Interface driver
[    1.113312] i8042: PNP: PS/2 Controller [PNP0303:PS2K,PNP0f03:PS2M] at 0x60,0x64 irq 1,12
[    1.116014] serio: i8042 KBD port at 0x60,0x64 irq 1
[    1.117519] serio: i8042 AUX port at 0x60,0x64 irq 12
[    1.119100] mousedev: PS/2 mouse device common for all mice
[    1.120903] input: AT Translated Set 2 keyboard as /devices/platform/i8042/serio0/input/input2
[    1.123618] rtc_cmos rtc_cmos: rtc core: registered rtc_cmos as rtc0
[    1.125406] rtc_cmos rtc_cmos: alarms up to one day, 114 bytes nvram
[    1.127119] i2c /dev entries driver
[    1.128316] device-mapper: uevent: version 1.0.3
[    1.129692] device-mapper: ioctl: 4.34.0-ioctl (2015-10-28) initialised: dm-devel@redhat.com
[    1.132075] ledtrig-cpu: registered to indicate activity on CPUs
[    1.134291] NET: Registered protocol family 10
[    1.135722] NET: Registered protocol family 17
[    1.137005] Key type dns_resolver registered
[    1.138436] registered taskstats version 1
[    1.139744] Loading compiled-in X.509 certificates
[    1.141558] Loaded X.509 cert 'Build time autogenerated kernel key: b7189ebc996fd79c52efc1226b6676b25e4f6a2d'
[    1.144244] zswap: loaded using pool lzo/zbud
[    1.146649] Key type trusted registered
[    1.149970] Key type encrypted registered
[    1.151274] AppArmor: AppArmor sha1 policy hashing enabled
[    1.152837] ima: No TPM chip found, activating TPM-bypass!
[    1.154425] ima: Allocated hash algorithm: sha1
[    1.155764] evm: HMAC attrs: 0x1
[    1.157507]   Magic number: 2:799:791
[    1.158758] rtc_cmos rtc_cmos: setting system clock to 2018-09-26 15:47:18 UTC (1537976838)
[    1.161388] BIOS EDD facility v0.16 2004-Jun-25, 0 devices found
[    1.163102] EDD information not available.
[    1.250191] Freeing unused kernel memory: 1516K
[    1.251631] Write protecting the kernel read-only data: 14336k
[    1.253589] Freeing unused kernel memory: 1672K
[    1.255091] Freeing unused kernel memory: 92K
Loading, please wait...
starting version 229
[    1.266710] random: udevadm: uninitialized urandom read (16 bytes read, 3 bits of entropy available)
[    1.270039] random: systemd-udevd: uninitialized urandom read (16 bytes read, 3 bits of entropy available)
[    1.272904] random: systemd-udevd: uninitialized urandom read (16 bytes read, 3 bits of entropy available)
[    1.276317] random: udevadm: uninitialized urandom read (16 bytes read, 3 bits of entropy available)
[    1.279051] random: systemd-udevd: uninitialized urandom read (16 bytes read, 3 bits of entropy available)
[    1.284980] random: systemd-udevd: uninitialized urandom read (16 bytes read, 3 bits of entropy available)
[    1.292316] random: systemd-udevd: uninitialized urandom read (16 bytes read, 3 bits of entropy available)
[    1.296119] random: udevadm: uninitialized urandom read (16 bytes read, 3 bits of entropy available)
[    1.299293] random: systemd-udevd: uninitialized urandom read (16 bytes read, 3 bits of entropy available)
[    1.302333] random: systemd-udevd: uninitialized urandom read (16 bytes read, 3 bits of entropy available)
[    1.357984] e1000: Intel(R) PRO/1000 Network Driver - version 7.3.21-k8-NAPI
[    1.359983] e1000: Copyright (c) 1999-2006 Intel Corporation.
[    1.365571] Fusion MPT base driver 3.04.20
[    1.366868] Copyright (c) 1999-2008 LSI Corporation
[    1.387361] Fusion MPT SPI Host driver 3.04.20
[    1.395015] AVX2 version of gcm_enc/dec engaged.
[    1.396424] AES CTR mode by8 optimization enabled
[    1.581654] input: ImExPS/2 Generic Explorer Mouse as /devices/platform/i8042/serio1/input/input4
[    1.757283] e1000 0000:00:03.0 eth0: (PCI:33MHz:32-bit) 02:fb:a8:4c:29:d0
[    1.759206] e1000 0000:00:03.0 eth0: Intel(R) PRO/1000 Network Connection
[    1.762018] mptbase: ioc0: Initiating bringup
[    1.845426] ioc0: LSI53C1030 A0: Capabilities={Initiator}
[    2.005008] clocksource: tsc: mask: 0xffffffffffffffff max_cycles: 0x6a8d1fbf22a, max_idle_ns: 881590537935 ns
[    2.023669] scsi host2: ioc0: LSI53C1030 A0, FwRev=00000000h, Ports=1, MaxQ=256, IRQ=20
[    2.149324] scsi 2:0:0:0: Direct-Access     VBOX     HARDDISK         1.0  PQ: 0 ANSI: 5
[    2.159120] scsi target2:0:0: Beginning Domain Validation
[    2.169474] scsi target2:0:0: Domain Validation skipping write tests
[    2.177520] scsi target2:0:0: Ending Domain Validation
[    2.197693] scsi target2:0:0: asynchronous
[    2.215720] scsi 2:0:1:0: Direct-Access     VBOX     HARDDISK         1.0  PQ: 0 ANSI: 5
[    2.229013] scsi target2:0:1: Beginning Domain Validation
[    2.275404] scsi target2:0:1: Domain Validation skipping write tests
[    2.277220] scsi target2:0:1: Ending Domain Validation
[    2.287082] scsi target2:0:1: asynchronous
[    2.420880] sd 2:0:0:0: Attached scsi generic sg0 type 0
[    2.422669] sd 2:0:1:0: Attached scsi generic sg1 type 0
[    2.424241] sd 2:0:0:0: [sda] 20971520 512-byte logical blocks: (10.7 GB/10.0 GiB)
[    2.436099] sd 2:0:1:0: [sdb] 20480 512-byte logical blocks: (10.5 MB/10.0 MiB)
[    2.447719] sd 2:0:1:0: [sdb] Write Protect is off
[    2.458003] sd 2:0:1:0: [sdb] Incomplete mode parameter data
[    2.459622] sd 2:0:1:0: [sdb] Assuming drive cache: write through
[    2.461564] sd 2:0:0:0: [sda] Write Protect is off
[    2.467679] sd 2:0:0:0: [sda] Incomplete mode parameter data
[    2.470037] sd 2:0:0:0: [sda] Assuming drive cache: write through
[    2.516554]  sda: sda1
[    2.535503] sd 2:0:1:0: [sdb] Attached SCSI disk
[    2.537387] sd 2:0:0:0: [sda] Attached SCSI disk
[    2.576573] e1000 0000:00:08.0 eth1: (PCI:33MHz:32-bit) 08:00:27:84:06:4c
[    2.578590] e1000 0000:00:08.0 eth1: Intel(R) PRO/1000 Network Connection
[    2.583364] e1000 0000:00:08.0 enp0s8: renamed from eth1
[    2.586984] e1000 0000:00:03.0 enp0s3: renamed from eth0
Begin: Loading essential drivers ... [    3.966960] md: linear personality registered for level -1
[    3.970832] md: multipath personality registered for level -4
[    3.974740] md: raid0 personality registered for level 0
[    3.978909] md: raid1 personality registered for level 1
[    4.049093] raid6: sse2x1   gen() 11740 MB/s
[    4.117316] raid6: sse2x1   xor()  9425 MB/s
[    4.184884] raid6: sse2x2   gen() 14563 MB/s
[    4.253088] raid6: sse2x2   xor() 10907 MB/s
[    4.321301] raid6: sse2x4   gen() 16988 MB/s
[    4.389147] raid6: sse2x4   xor() 11830 MB/s
[    4.457460] raid6: avx2x1   gen() 22525 MB/s
[    4.525290] raid6: avx2x2   gen() 26533 MB/s
[    4.593127] raid6: avx2x4   gen() 28921 MB/s
[    4.594471] raid6: using algorithm avx2x4 gen() 28921 MB/s
[    4.596049] raid6: using avx2x2 recovery algorithm
[    4.598964] xor: automatically using best checksumming function:
[    4.637027]    avx       : 23913.000 MB/sec
[    4.639723] async_tx: api initialized (async)
[    4.650071] md: raid6 personality registered for level 6
[    4.651775] md: raid5 personality registered for level 5
[    4.653324] md: raid4 personality registered for level 4
[    4.659413] md: raid10 personality registered for level 10
done.
Begin: Running /scripts/init-premount ... done.
Begin: Mounting root file system ... Begin: Running /scripts/local-top ... done.
Begin: Running /scripts/local-premount ... [    4.695158] Btrfs loaded
Scanning for Btrfs filesystems
done.
Warning: fsck not present, so skipping root file system
[    4.738682] EXT4-fs (sda1): mounted filesystem with ordered data mode. Opts: (null)
done.
Begin: Running /scripts/local-bottom ... done.
Begin: Running /scripts/init-bottom ... done.
[    5.210576] systemd[1]: systemd 229 running in system mode. (+PAM +AUDIT +SELINUX +IMA +APPARMOR +SMACK +SYSVINIT +UTMP +LIBCRYPTSETUP +GCRYPT +GNUTLS +ACL +XZ -LZ4 +SECCOMP +BLKID +ELFUTILS +KMOD -IDN)
[    5.233220] systemd[1]: Detected virtualization oracle.
[    5.243536] systemd[1]: Detected architecture x86-64.

Welcome to [1mUbuntu 16.04.5 LTS[0m!

[    5.291255] systemd[1]: Set hostname to <ubuntu>.
[    5.310546] systemd[1]: Initializing machine ID from random generator.
[    5.316163] systemd[1]: Installed transient /etc/machine-id file.
[    5.558739] random: nonblocking pool is initialized
[    6.186795] systemd[1]: Created slice User and Session Slice.
[[0;32m  OK  [0m] Created slice User and Session Slice.
[    6.191896] systemd[1]: Listening on Journal Audit Socket.
[[0;32m  OK  [0m] Listening on Journal Audit Socket.
[    6.196721] systemd[1]: Listening on Syslog Socket.
[[0;32m  OK  [0m] Listening on Syslog Socket.
[    6.201744] systemd[1]: Listening on LVM2 poll daemon socket.
[[0;32m  OK  [0m] Listening on LVM2 poll daemon socket.
[    6.206231] systemd[1]: Reached target Encrypted Volumes.
[[0;32m  OK  [0m] Reached target Encrypted Volumes.
[    6.212296] systemd[1]: Listening on Journal Socket (/dev/log).
[[0;32m  OK  [0m] Listening on Journal Socket (/dev/log).
[    6.216167] systemd[1]: Listening on /dev/initctl Compatibility Named Pipe.
[[0;32m  OK  [0m] Listening on /dev/initctl Compatibility Named Pipe.
[    6.220391] systemd[1]: Reached target User and Group Name Lookups.
[[0;32m  OK  [0m] Reached target User and Group Name Lookups.
[    6.224109] systemd[1]: Listening on udev Kernel Socket.
[[0;32m  OK  [0m] Listening on udev Kernel Socket.
[    6.227376] systemd[1]: Reached target System Time Synchronized.
[[0;32m  OK  [0m] Reached target System Time Synchronized.
[    6.231090] systemd[1]: Created slice System Slice.
[[0;32m  OK  [0m] Created slice System Slice.
[    6.234141] systemd[1]: Reached target Slices.
[[0;32m  OK  [0m] Reached target Slices.
[    6.238013] systemd[1]: Listening on Journal Socket.
[[0;32m  OK  [0m] Listening on Journal Socket.
[    6.241786] systemd[1]: Mounting POSIX Message Queue File System...
         Mounting POSIX Message Queue File System...
[    6.246385] systemd[1]: Starting Uncomplicated firewall...
         Starting Uncomplicated firewall...
[    6.250524] systemd[1]: Mounting Huge Pages File System...
         Mounting Huge Pages File System...
[    6.278120] systemd[1]: Starting Load Kernel Modules...
         Starting Load Kernel Modules...
[    6.286804] systemd[1]: Starting Create list of required static device nodes for the current kernel...
         Starting Create list of required st... nodes for the current kernel...
[    6.293108] systemd[1]: Starting Journal Service...
         Starting Journal Service...
[    6.297351] systemd[1]: Starting Remount Root and Kernel File Systems...
         Starting Remount Root and Kernel File Systems...
[    6.304013] systemd[1]: Starting Set console keymap...
         Starting Set console keymap...
[    6.308650] systemd[1]: Listening on udev Control Socket.
[[0;32m  OK  [0m] Listening on udev Control Socket.
[    6.312887] systemd[1]: Set up automount Arbitrary Executable File Formats File System Automount Point.
[[0;32m  OK  [0m] Set up automount Arbitrary Executab...ats File System Automount Point.
[    6.318752] systemd[1]: Listening on Device-mapper event daemon FIFOs.
[[0;32m  OK  [0m] Listening on Device-mapper event daemon FIFOs.
[    6.323611] systemd[1]: Starting Nameserver information manager...
[    6.330289] EXT4-fs (sda1): re-mounted. Opts: (null)
         Starting Nameserver information manager...
[    6.334925] systemd[1]: Reached target Swap.
[[0;32m  OK  [0m] Reached target Swap.
[    6.338561] systemd[1]: Started Forward Password Requests to Wall Directory Watch.
[[0;32m  OK  [0m] Started Forward Password Requests to Wall Directory Watch.
[    6.397876] systemd[1]: Started Trigger resolvconf update for networkd DNS.
[[0;32m  OK  [0m] Started Trigger resolvconf update for networkd DNS.
[    6.430949] Loading iSCSI transport class v2.0-870.
[    6.436318] systemd[1]: Created slice system-serial\x2dgetty.slice.
[[0;32m  OK  [0m] Created slice system-serial\x2dgetty.slice.
[    6.450963] systemd[1]: Mounting Debug File System...
         Mounting Debug File System...
[    6.459752] systemd[1]: Listening on LVM2 metadata daemon socket.
[[0;32m  OK  [0m] Listening on LVM2 metadata daemon socket.
[    6.469023] systemd[1]: Starting Monitoring of LVM2 mirrors, snapshots etc. using dmeventd or progress polling...
         Starting Monitoring of LVM2 mirrors... dmeventd or progress polling...[    6.476358] iscsi: registered transport (tcp)

[    6.480219] systemd[1]: Mounted POSIX Message Queue File System.
[[0;32m  OK  [0m] Mounted POSIX Message Queue File System.
[    6.484157] systemd[1]: Mounted Debug File System.
[[0;32m  OK  [0m] Mounted Debug File System.
[    6.488436] systemd[1]: Mounted Huge Pages File System.
[[0;32m  OK  [0m] Mounted Huge Pages File System.
[    6.493691] systemd[1]: Started Uncomplicated firewall.
[[0;32m  OK  [0m] Started Uncomplicated firewall.
[    6.497966] systemd[1]: Started Create list of required static device nodes for the current kernel.
[[0;32m  OK  [0m] Started Create list of required sta...ce nodes for the current kernel.
[    6.504354] systemd[1]: Started Remount Root and Kernel File Systems.
[[0;32m  OK  [0m] Started Remount Root and Kernel File Systems.
[    6.548641] systemd[1]: Started Nameserver information manager.
[[0;32m  OK  [0m] Started Nameserver information manager.
[    6.580972] systemd[1]: Started Journal Service.
[[0;32m  OK  [0m] Started Journal Service.
[[0;32m  OK  [0m] Started LVM2 metadata daemon.
         Starting Load/Save Random Seed...
         Starting udev Coldplug all Devices...
         Starting Flush Journal to Persistent Storage...
[    6.665826] iscsi: registered transport (iser)
         Starting Create Static Device Nodes in /dev...
[[0;32m  OK  [0m] Started Load Kernel Modules.
         Starting Apply Kernel Variables...
         Mounting FUSE Control File System...
[[0;32m  OK  [0m] Mounted FUSE Control File System.
[[0;32m  OK  [0m] Started Set console keymap.
[[0;32m  OK  [0m] Started Load/Save Random Seed.
[    6.764926] systemd-journald[379]: Received request to flush runtime journal from PID 1
[[0;32m  OK  [0m] Started Flush Journal to Persistent Storage.
[[0;32m  OK  [0m] Started udev Coldplug all Devices.
[[0;32m  OK  [0m] Started Apply Kernel Variables.
[[0;32m  OK  [0m] Started Create Static Device Nodes in /dev.
         Starting udev Kernel Device Manager...
[[0;32m  OK  [0m] Started Monitoring of LVM2 mirrors,...ng dmeventd or progress polling.
[[0;32m  OK  [0m] Started udev Kernel Device Manager.
[[0;32m  OK  [0m] Started Dispatch Password Requests to Console Directory Watch.
[[0;32m  OK  [0m] Reached target Local File Systems (Pre).
[[0;32m  OK  [0m] Reached target Local File Systems.
         Starting Tell Plymouth To Write Out Runtime Data...
         Starting Set console font and keymap...
         Starting LSB: AppArmor initialization...
         Starting Initial cloud-init job (pre-networking)...
         Starting Create Volatile Files and Directories...
         Starting Commit a transient machine-id on disk...
[[0;32m  OK  [0m] Started Tell Plymouth To Write Out Runtime Data.
[[0;32m  OK  [0m] Started Commit a transient machine-id on disk.
[[0;32m  OK  [0m] Started Create Volatile Files and Directories.
         Starting Update UTMP about System Boot/Shutdown...
[[0;32m  OK  [0m] Started Update UTMP about System Boot/Shutdown.
[[0;32m  OK  [0m] Found device /dev/ttyS0.
[[0;32m  OK  [0m] Listening on Load/Save RF Kill Switch Status /dev/rfkill Watch.
[[0;32m  OK  [0m] Started Set console font and keymap.
[[0;32m  OK  [0m] Created slice system-getty.slice.
[[0;32m  OK  [0m] Started LSB: AppArmor initialization.
[   11.388676] cloud-init[489]: Cloud-init v. 18.3-9-g2e62cb8a-0ubuntu1~16.04.2 running 'init-local' at Wed, 26 Sep 2018 15:47:28 +0000. Up 10.64 seconds.
[[0;32m  OK  [0m] Started Initial cloud-init job (pre-networking).
[[0;32m  OK  [0m] Reached target Network (Pre).
         Starting Raise network interfaces...
[[0;32m  OK  [0m] Started Raise network interfaces.
         Starting Initial cloud-init job (metadata service crawler)...
[[0;32m  OK  [0m] Reached target Network.
[   13.693686] cloud-init[949]: Cloud-init v. 18.3-9-g2e62cb8a-0ubuntu1~16.04.2 running 'init' at Wed, 26 Sep 2018 15:47:29 +0000. Up 12.17 seconds.
[   13.700731] cloud-init[949]: ci-info: ++++++++++++++++++++++++++++++++++++++Net device info+++++++++++++++++++++++++++++++++++++++
[   13.708586] cloud-init[949]: ci-info: +--------+-------+----------------------------+---------------+--------+-------------------+
[   13.716257] cloud-init[949]: ci-info: | Device |   Up  |          Address           |      Mask     | Scope  |     Hw-Address    |
[   13.720167] cloud-init[949]: ci-info: +--------+-------+----------------------------+---------------+--------+-------------------+
[   13.728221] cloud-init[949]: ci-info: | enp0s3 |  True |         10.0.2.15          | 255.255.255.0 | global | 02:fb:a8:4c:29:d0 |
[   13.736736] cloud-init[949]: ci-info: | enp0s3 |  True | fe80::fb:a8ff:fe4c:29d0/64 |       .       |  link  | 02:fb:a8:4c:29:d0 |
[   13.748704] cloud-init[949]: ci-info: | enp0s8 | False |             .              |       .       |   .    | 08:00:27:84:06:4c |
[   13.756623] cloud-init[949]: ci-info: |   lo   |  True |         127.0.0.1          |   255.0.0.0   |  host  |         .         |
[   13.764343] cloud-init[949]: ci-info: |   lo   |  True |          ::1/128           |       .       |  host  |         .         |
[   13.768699] cloud-init[949]: ci-info: +--------+-------+----------------------------+---------------+--------+-------------------+
[   13.776710] cloud-init[949]: ci-info: +++++++++++++++++++++++++++Route IPv4 info++++++++++++++++++++++++++++
[   13.786609] cloud-init[949]: ci-info: +-------+-------------+----------+---------------+-----------+-------+[[0;32m  OK  [0m] Started Initial cloud-init job (metadata service crawler).
[   13.792929] cloud-init[949]: ci-info: | Route | Destination | Gateway  |    Genmask    | Interface | Flags |
[   13.795477] cloud-init
[[0;32m  OK  [0m] Reached target Network is Online.
         Starting iSCSI initiator daemon (iscsid)...
[[0;32m  OK  [0m[949]: ci-info: +-------+-------------+----------+---------------+-----------+-------+
[   13.802960] cloud-init[949]: ci-info: |   0   |   0.0.0.0   | 10.0.2.2 |    0.0.0.0    |   enp0s3  |   UG  |] Reached target System Initialization.
[[0;32m  OK  [0m] Listening on D-Bus System Message Bus Socket.

[   13.809399] cloud-init[949]: ci-info: |   1   |   10.0.2.0  | 0.0.0.0  | 255.255.255.0 |   enp0s3  |   U   |
[   13.813606] cloud-init[949]: ci-info: +-------+-------------+----------+---------------+-----------+-------+
[   13.816908] cloud-init[949]: ci-info: +++++++++++++++++++Route IPv6 info+++++++++++++++++++
[   13.819475] cloud-init[949]: ci-info: +-------+-------------+---------+-----------+-------+
[   13.822241] [[0;32m  OK  [0m] Started ACPI Events Check.
[[0;32m  OK  [0m] Reached target Paths.
[[0;32m  OK  [0m] Listening on UUID daemon activation socket.
         cloud-init[949]: ci-info: | Route | Destination | Gateway | Interface | Flags |
Starting Socket activation for snappy daemon.
[[0;32m  OK  [0m] Started Daily apt download activities.
[[0;32m  OK  [0m[   13.836132] cloud-init[949]: ci-info: +-------+-------------+---------+-----------+-------+
[   13.838778] cloud-init[949]: ci-info: |   0   |  fe80::/64  |    ::   |   enp0s3  |   U   |] Started Daily apt upgrade and clean activities.
[[0;32m  OK  [0m] Listening on ACPID Listen Socket.

[   13.844795] cloud-init[949]: ci-info: |   3   |   ff00::/8  |    ::   |   enp0s3  |   U   |
[   13.847370] cloud-init[949]: ci-info: +-------+-------------+---------+-----------+-------+
[   13.850284] cloud-init[949]: Generating public/private rsa key pair.
         Starting LXD - unix socket.
[[0;32m  OK  [0m] Started Daily Cleanup of Temporary Directories.[   13.857200] cloud-init[949]: Your identification has been saved in /etc/ssh/ssh_host_rsa_key.
[   13.859507] cloud-init
[[0;32m  OK  [0m] Reached target Timers.
[[0;32m  OK  [0m] Reached target Cloud-config availability.[949]: Your public key has been saved in /etc/ssh/ssh_host_rsa_key.pub.
[[0;32m  OK  [0m] Listening on Socket activation for snappy daemon.
[[0;32m  OK  [0m
[   13.868564] cloud-init[949]: The key fingerprint is:
[   13.870093] cloud-init[949]: SHA256:KGDi3nQVTpCnYUfQTvLi803vwyBkJmjuekmWezngS6I root@ubuntu-xenial] Listening on LXD - unix socket.

[   13.877620] cloud-init[949]: The key's randomart image is:
[   13.883168] cloud-init[949]: +---[RSA 2048]----+
[   13.888722] cloud-init[949]: |     o*+         |
[   13.892553] cloud-init[949]: |     =o=.        |
[   13.896687] cloud-init[949]: |. o o Xo         |
[[0;32m  OK  [0m] Reached target Sockets.
[[0;32m  OK  [0m] Reached target Basic System.
         [   13.904412] cloud-init[949]: |.o + +.B         |
[   13.907289] Starting LSB: MD monitoring daemon...cloud-init[949]: 
| .o.+.B S        |
[   13.913613] cloud-init[949]: |. o*.+ . o       |
[   13.916646] cloud-init[949]: | o=o+ + + +      |
[   13.918630] cloud-init[949]: |. o* + . . +     |
[[0;32m  OK  [0m] Started ACPI event daemon.
         Starting Login Service...
[[0;32m  OK  [0m] [   13.920484] cloud-init[949]: |E.o.o .   ...    |
[   13.930313] cloud-init[949]: +----[SHA256]-----+
[   13.931816] Started Deferred execution scheduler.
[[0;32m  OK  [0m] Started D-Bus System Message Bus.
cloud-init[949]: Generating public/private dsa key pair.
[   13.951266] cloud-init[949]: Your identification has been saved in /etc/ssh/ssh_host_dsa_key.
[   13.955742] cloud-init[949]: Your public key has been saved in /etc/ssh/ssh_host_dsa_key.pub.
[   13.958526] cloud-init[949]: The key fingerprint is:
[   13.960565] cloud-init[949]: SHA256:PMO0ePtf3FSYlbNl/lb3e39wwipwRRZVY0+YECF1Y4o root@ubuntu-xenial
[   13.963296] cloud-init[949]: The key's randomart image is:
[   13.965352] cloud-init[949]: +---[DSA 1024]----+
[   13.969028] cloud-init[949]: |          ..**=*=|
[   13.970850] cloud-init[949]: |           oo++O=|
[   13.972778] cloud-init[949]: |        . Eo. oo*|
[   13.974640] cloud-init[949]: |       = .  .  .=|
[   13.977379] cloud-init[949]: |      . S  . .  *|
[   13.979166] cloud-init[949]: |       ..+.  .+o=|
[   13.981041] cloud-init[949]: |        .o   .o=o|
[   13.982920] cloud-init[949]: |         .. .. .o|
[   13.985643] cloud-init[949]: |          .o.   =|
[   13.987436] cloud-init[949]: +----[SHA256]-----+
[   13.989274] cloud-init[949]: Generating public/private ecdsa key pair.
[   13.991436] cloud-init[949]: Your identification has been saved in /etc/ssh/ssh_host_ecdsa_key.
[   13.994201] cloud-init[949]: Your public key has been saved in /etc/ssh/ssh_host_ecdsa_key.pub.
[   13.996849] cloud-init[949]: The key fingerprint is:
[   13.999792] cloud-init[949]: SHA256:V/3hsxNAX/aq/IntZYKGcL1vRz6ff3avBOuENGa0eTg root@ubuntu-xenial
[   14.002619] cloud-init[949]: The key's randomart image is:
[   14.004706] cloud-init[949]: +---[ECDSA 256]---+
[   14.006513] cloud-init[949]: |             .  o|
[   14.008297] cloud-init[949]: |            ....o|
[   14.011683] cloud-init[949]: |          . ...o.|
[   14.013806] cloud-init[949]: |         . *  oo.|
[   14.015690] cloud-init[949]: |        S E + .+.|
[   14.018432] cloud-init[949]: |         B B *  =|
[   14.020310] cloud-init[949]: |          o O o=o|
[   14.022112] cloud-init[949]: |           + *.*O|
[   14.024283] cloud-init[949]: |            ooB=@|
[   14.026797] cloud-init[949]: +----[SHA256]-----+
[   14.028646] cloud-init[949]: Generating public/private ed25519 key pair.
[   14.030865] cloud-init[949]: Your identification has been saved in /etc/ssh/ssh_host_ed25519_key.
[   14.033538] cloud-init[949]: Your public key has been saved in /etc/ssh/ssh_host_ed25519_key.pub.
[   14.037959] cloud-init[949]: The key fingerprint is:
[   14.040249] cloud-init[949]: SHA256:FkA76qhzd0K0T2wpZa8CW/Phguat4yBEu9oaVW/QPvg root@ubuntu-xenial
[   14.042950] cloud-init[949]: The key's randomart image is:
[   14.044915] cloud-init[949]: +--[ED25519 256]--+
[   14.046804] cloud-init[949]: |     .o          |
[   14.048955] cloud-init[949]: |     . o         |
[   14.051053] cloud-init[949]: | .  o + .        |
[   14.052851] cloud-init[949]: |. ...*o. .       |
[   14.054646] cloud-init[949]: | o..o==oS        |
[   14.057212] cloud-init[949]: |..oo*o*o.        |
[   14.059057] cloud-init[949]: |+..*.OEo         |
[   14.060868] cloud-init[949]: |+=*.= *          |
[   14.062659] cloud-init[949]: |+B=+.=           |
[   14.064468] cloud-init[949]: +----[SHA256]-----+
         Starting Virtualbox guest utils...
         Starting LXD - container startup/shutdown...
         Starting System Logging Service...
         Starting Accounts Service...
         Starting LSB: Record successful boot for GRUB...
[[0;32m  OK  [0m] Started FUSE filesystem for LXC.
         Starting /etc/rc.local Compatibility...
[[0;32m  OK  [0m] Started Regular background program processing daemon.
[[0;32m  OK  [0m] Started Unattended Upgrades Shutdown.
         Starting Snappy daemon...
         Starting Pollinate to seed the pseudo random number generator...
[[0;32m  OK  [0m] Started iSCSI initiator daemon (iscsid).
[[0;32m  OK  [0m] Started /etc/rc.local Compatibility.
[[0;32m  OK  [0m] Started Login Service.
         Starting Login to default iSCSI targets...
[[0;32m  OK  [0m] Started System Logging Service.
[[0;32m  OK  [0m] Started Login to default iSCSI targets.
[[0;32m  OK  [0m] Reached target Remote File Systems (Pre).
[[0;32m  OK  [0m] Reached target Remote File Systems.
         Starting Permit User Sessions...
         Starting LSB: daemon to balance interrupts for SMP systems...
         Starting LSB: automatic crash report generation...
         Starting LSB: Set the CPU Frequency Scaling governor to "ondemand"...
[[0;32m  OK  [0m] Started LSB: MD monitoring daemon.
[[0;32m  OK  [0m] Started Permit User Sessions.
[[0;32m  OK  [0m] Started LSB: Set the CPU Frequency Scaling governor to "ondemand".
         Starting Terminate Plymouth Boot Screen...
         Starting Hold until boot process finishes up...
[[0;32m  OK  [0m] Started Hold until boot process finishes up.
[[0;32m  OK  [0m] Started Terminate Plymouth Boot Screen.
[[0;32m  OK  [0m] Started LSB: Record successful boot for GRUB.
[[0;32m  OK  [0m] Started Getty on tty1.
         Starting Set console scheme...
[[0;32m  OK  [0m] Started Serial Getty on ttyS0.
[[0;32m  OK  [0m] Reached target Login Prompts.
[[0;32m  OK  [0m] Started LSB: automatic crash report generation.
[[0;32m  OK  [0m] Started Set console scheme.
[[0;32m  OK  [0m] Started LSB: daemon to balance interrupts for SMP systems.
         Starting Authenticate and Authorize Users to Run Privileged Tasks...
[[0;32m  OK  [0m] Started Virtualbox guest utils.
[[0;32m  OK  [0m] Started Authenticate and Authorize Users to Run Privileged Tasks.
[[0;32m  OK  [0m] Started Accounts Service.
[[0;32m  OK  [0m] Started LXD - container startup/shutdown.
[[0;32m  OK  [0m] Started Snappy daemon.
         Starting Wait until snapd is fully seeded...
[[0;32m  OK  [0m] Started Pollinate to seed the pseudo random number generator.
         Starting OpenBSD Secure Shell server...
[[0;32m  OK  [0m] Started OpenBSD Secure Shell server.

Ubuntu 16.04.5 LTS ubuntu-xenial ttyS0

ubuntu-xenial login: [   28.885968] cloud-init[1366]: Generating locales (this might take a while)...
[   29.994785] cloud-init[1366]:   en_US.UTF-8... done
[   29.997267] cloud-init[1366]: Generation complete.
[   31.160629] cloud-init[1366]: Cloud-init v. 18.3-9-g2e62cb8a-0ubuntu1~16.04.2 running 'modules:config' at Wed, 26 Sep 2018 15:47:46 +0000. Up 28.59 seconds.
ci-info: no authorized ssh keys fingerprints found for user ubuntu.
<14>Sep 26 15:47:49 ec2: 
<14>Sep 26 15:47:49 ec2: #############################################################
<14>Sep 26 15:47:49 ec2: -----BEGIN SSH HOST KEY FINGERPRINTS-----
<14>Sep 26 15:47:49 ec2: 1024 SHA256:PMO0ePtf3FSYlbNl/lb3e39wwipwRRZVY0+YECF1Y4o root@ubuntu-xenial (DSA)
<14>Sep 26 15:47:49 ec2: 256 SHA256:V/3hsxNAX/aq/IntZYKGcL1vRz6ff3avBOuENGa0eTg root@ubuntu-xenial (ECDSA)
<14>Sep 26 15:47:49 ec2: 256 SHA256:FkA76qhzd0K0T2wpZa8CW/Phguat4yBEu9oaVW/QPvg root@ubuntu-xenial (ED25519)
<14>Sep 26 15:47:49 ec2: 2048 SHA256:KGDi3nQVTpCnYUfQTvLi803vwyBkJmjuekmWezngS6I root@ubuntu-xenial (RSA)
<14>Sep 26 15:47:49 ec2: -----END SSH HOST KEY FINGERPRINTS-----
<14>Sep 26 15:47:49 ec2: #############################################################
-----BEGIN SSH HOST KEY KEYS-----
ecdsa-sha2-nistp256 AAAAE2VjZHNhLXNoYTItbmlzdHAyNTYAAAAIbmlzdHAyNTYAAABBBIeodytqCcj/SNcNAtlQYQc7r5u+VNRnnGPLTePDRwlEs/Jvpya3O0pervFnRKv4OmfhtpNl7hs/s1SDpFwr5p0= root@ubuntu-xenial
ssh-ed25519 AAAAC3NzaC1lZDI1NTE5AAAAIDiMNushYnBsN60F35W7gGFO5ZxripNWzFhoee3cyd8z root@ubuntu-xenial
ssh-rsa AAAAB3NzaC1yc2EAAAADAQABAAABAQDOHmaCoyUotzpf1WMuArF5Yy9xMe6xjg0owanhGsr4dIh5Bmxno0hSc2OmPoDETDPsZbw2HqnPtwOEh0LN3YnsTTqE43r5UVfi3rRBuNOtMX1W2rLO7tQTXt1QlGyu+zZToIidLqGY6s4fXd993awwQdWC7cW5zBVSGKzFI9hJ5NvkCFJs7i/n+PCmgH5w11viJlhDJ4UghVOTpvjCWDC0CwV6QDQHmUdfiwleVudCnAPe7QUblBWMGMm+IqcyTLXsNwwU+dU/ZPVAmL1eJbcNvcqfiSHnJN++iKsh1t1EkcV82B3EBnBzbbmeC1N5SRByTU1exvDgBgkeb6cyOI85 root@ubuntu-xenial
-----END SSH HOST KEY KEYS-----
[   31.810431] cloud-init[1417]: Cloud-init v. 18.3-9-g2e62cb8a-0ubuntu1~16.04.2 running 'modules:final' at Wed, 26 Sep 2018 15:47:49 +0000. Up 31.53 seconds.
[   31.816506] cloud-init[1417]: ci-info: no authorized ssh keys fingerprints found for user ubuntu.
[   31.820477] cloud-init[1417]: Cloud-init v. 18.3-9-g2e62cb8a-0ubuntu1~16.04.2 finished at Wed, 26 Sep 2018 15:47:49 +0000. Datasource DataSourceNoCloud [seed=/dev/sdb][dsmode=net].  Up 31.80 seconds
